<?xml version="1.0" encoding="UTF-8"?>
<!-- Generated by org.testng.reporters.JUnitXMLReporter -->
<testsuite hostname="DESKTOP-MD2112N" ignored="0" name="Default test" tests="2" failures="0" timestamp="28 May 2021 00:32:22 GMT" time="0.045" errors="0">
  <testcase name="MyBookings" time="0.006" classname="org.kaamchha.testcases.MyBookingsTest">
    <skipped/>
  </testcase> <!-- MyBookings -->
  <testcase name="MyBookings" time="0.001" classname="org.kaamchha.testcases.MyBookingsTest">
    <skipped/>
  </testcase> <!-- MyBookings -->
</testsuite> <!-- Default test -->
