<?xml version="1.0" encoding="UTF-8"?>
<!-- Generated by org.testng.reporters.JUnitXMLReporter -->
<testsuite hostname="DESKTOP-MD2112N" ignored="0" name="All Links Test" tests="2" failures="0" timestamp="30 May 2021 07:37:21 GMT" time="0.011" errors="0">
  <testcase name="LinkTest" time="0.002" classname="org.kaamchha.testcases.AllLinksTest">
    <skipped/>
  </testcase> <!-- LinkTest -->
  <testcase name="LinkTest" time="0.002" classname="org.kaamchha.testcases.AllLinksTest">
    <skipped/>
  </testcase> <!-- LinkTest -->
</testsuite> <!-- All Links Test -->
