<?xml version="1.0" encoding="UTF-8"?>
<!-- Generated by org.testng.reporters.JUnitXMLReporter -->
<testsuite hostname="DESKTOP-MD2112N" ignored="0" name="Login Test" tests="4" failures="0" timestamp="30 May 2021 07:37:21 GMT" time="0.062" errors="0">
  <testcase name="Login" time="0.015" classname="org.kaamchha.testcases.LoginTest">
    <skipped/>
  </testcase> <!-- Login -->
  <testcase name="Login" time="0.002" classname="org.kaamchha.testcases.LoginTest">
    <skipped/>
  </testcase> <!-- Login -->
  <testcase name="Login" time="0.002" classname="org.kaamchha.testcases.LoginTest">
    <skipped/>
  </testcase> <!-- Login -->
  <testcase name="Login" time="0.002" classname="org.kaamchha.testcases.LoginTest">
    <skipped/>
  </testcase> <!-- Login -->
</testsuite> <!-- Login Test -->
