<?xml version="1.0" encoding="UTF-8"?>
<!-- Generated by org.testng.reporters.JUnitXMLReporter -->
<testsuite hostname="DESKTOP-MD2112N" ignored="0" name="My Bookings Test" tests="2" failures="0" timestamp="30 May 2021 07:37:21 GMT" time="0.01" errors="0">
  <testcase name="MyBookings" time="0.002" classname="org.kaamchha.testcases.MyBookingsTest">
    <skipped/>
  </testcase> <!-- MyBookings -->
  <testcase name="MyBookings" time="0.002" classname="org.kaamchha.testcases.MyBookingsTest">
    <skipped/>
  </testcase> <!-- MyBookings -->
</testsuite> <!-- My Bookings Test -->
